{
"contracts\\FundMe.sol":{"l":{"29":4,"30":3,"34":3,"35":3,"53":17,"58":16,"59":16,"67":2,"72":7,"73":7,"75":2,"82":2,"85":2,"89":1,"90":1,"95":6,"96":6,"98":1,"99":1,"100":1,"104":0,"108":3,"116":11,"120":1},"path":"D:\\SolidityProjects\\hardhat-fundMe-fcc\\contracts\\FundMe.sol","s":{"1":4,"2":1,"3":3,"4":3,"5":17,"6":16,"7":16,"8":2,"9":7,"10":7,"11":2,"12":2,"13":2,"14":1,"15":1,"16":6,"17":6,"18":1,"19":1,"20":1,"21":0,"22":3,"23":11,"24":1},"b":{"1":[1,3],"2":[16,1],"3":[2,0],"4":[1,0]},"f":{"1":4,"2":3,"3":17,"4":2,"5":1,"6":0,"7":3,"8":11,"9":1},"fnMap":{"1":{"name":"onlyOwner","line":27,"loc":{"start":{"line":27,"column":4},"end":{"line":31,"column":4}}},"2":{"name":"constructor","line":33,"loc":{"start":{"line":33,"column":4},"end":{"line":36,"column":4}}},"3":{"name":"fundMe","line":52,"loc":{"start":{"line":52,"column":4},"end":{"line":60,"column":4}}},"4":{"name":"withdraw","line":66,"loc":{"start":{"line":66,"column":4},"end":{"line":86,"column":4}}},"5":{"name":"cheaperWithdraw","line":88,"loc":{"start":{"line":88,"column":4},"end":{"line":101,"column":4}}},"6":{"name":"getOwner","line":103,"loc":{"start":{"line":103,"column":4},"end":{"line":105,"column":4}}},"7":{"name":"getFunders","line":107,"loc":{"start":{"line":107,"column":4},"end":{"line":109,"column":4}}},"8":{"name":"getAddressToAmountFunded","line":111,"loc":{"start":{"line":111,"column":4},"end":{"line":117,"column":4}}},"9":{"name":"getPriceFeed","line":119,"loc":{"start":{"line":119,"column":4},"end":{"line":121,"column":4}}}},"statementMap":{"1":{"start":{"line":29,"column":8},"end":{"line":29,"column":43}},"2":{"start":{"line":29,"column":35},"end":{"line":29,"column":42}},"3":{"start":{"line":34,"column":8},"end":{"line":34,"column":27}},"4":{"start":{"line":35,"column":8},"end":{"line":35,"column":56}},"5":{"start":{"line":53,"column":8},"end":{"line":53,"column":1382}},"6":{"start":{"line":58,"column":8},"end":{"line":58,"column":55}},"7":{"start":{"line":59,"column":8},"end":{"line":59,"column":33}},"8":{"start":{"line":67,"column":8},"end":{"line":67,"column":1896}},"9":{"start":{"line":72,"column":12},"end":{"line":72,"column":51}},"10":{"start":{"line":73,"column":12},"end":{"line":73,"column":46}},"11":{"start":{"line":75,"column":8},"end":{"line":75,"column":35}},"12":{"start":{"line":82,"column":8},"end":{"line":82,"column":2433}},"13":{"start":{"line":85,"column":8},"end":{"line":85,"column":42}},"14":{"start":{"line":89,"column":8},"end":{"line":89,"column":44}},"15":{"start":{"line":90,"column":8},"end":{"line":90,"column":2697}},"16":{"start":{"line":95,"column":12},"end":{"line":95,"column":49}},"17":{"start":{"line":96,"column":12},"end":{"line":96,"column":46}},"18":{"start":{"line":98,"column":8},"end":{"line":98,"column":35}},"19":{"start":{"line":99,"column":8},"end":{"line":99,"column":77}},"20":{"start":{"line":100,"column":8},"end":{"line":100,"column":42}},"21":{"start":{"line":104,"column":8},"end":{"line":104,"column":22}},"22":{"start":{"line":108,"column":8},"end":{"line":108,"column":31}},"23":{"start":{"line":116,"column":8},"end":{"line":116,"column":46}},"24":{"start":{"line":120,"column":8},"end":{"line":120,"column":26}}},"branchMap":{"1":{"line":29,"type":"if","locations":[{"start":{"line":29,"column":8},"end":{"line":29,"column":8}},{"start":{"line":29,"column":8},"end":{"line":29,"column":8}}]},"2":{"line":53,"type":"if","locations":[{"start":{"line":53,"column":8},"end":{"line":53,"column":8}},{"start":{"line":53,"column":8},"end":{"line":53,"column":8}}]},"3":{"line":85,"type":"if","locations":[{"start":{"line":85,"column":8},"end":{"line":85,"column":8}},{"start":{"line":85,"column":8},"end":{"line":85,"column":8}}]},"4":{"line":100,"type":"if","locations":[{"start":{"line":100,"column":8},"end":{"line":100,"column":8}},{"start":{"line":100,"column":8},"end":{"line":100,"column":8}}]}}},
"contracts\\PriceConverter.sol":{"l":{"20":17,"22":17,"30":17,"31":17,"33":17},"path":"D:\\SolidityProjects\\hardhat-fundMe-fcc\\contracts\\PriceConverter.sol","s":{"1":17,"2":17,"3":17,"4":17,"5":17},"b":{},"f":{"1":17,"2":17},"fnMap":{"1":{"name":"getPrice","line":10,"loc":{"start":{"line":10,"column":4},"end":{"line":23,"column":4}}},"2":{"name":"getConversionRate","line":26,"loc":{"start":{"line":26,"column":4},"end":{"line":34,"column":4}}}},"statementMap":{"1":{"start":{"line":20,"column":8},"end":{"line":20,"column":62}},"2":{"start":{"line":22,"column":8},"end":{"line":22,"column":44}},"3":{"start":{"line":30,"column":8},"end":{"line":30,"column":47}},"4":{"start":{"line":31,"column":8},"end":{"line":31,"column":77}},"5":{"start":{"line":33,"column":8},"end":{"line":33,"column":29}}},"branchMap":{}},
"contracts\\test\\MockV3Aggregator.sol":{"l":{},"path":"D:\\SolidityProjects\\hardhat-fundMe-fcc\\contracts\\test\\MockV3Aggregator.sol","s":{},"b":{},"f":{},"fnMap":{},"statementMap":{},"branchMap":{}}}
