TN:
SF:D:\SolidityProjects\hardhat-fundMe-fcc\contracts\FundMe.sol
FN:27,onlyOwner
FN:33,constructor
FN:52,fundMe
FN:66,withdraw
FN:88,cheaperWithdraw
FN:103,getOwner
FN:107,getFunders
FN:111,getAddressToAmountFunded
FN:119,getPriceFeed
FNF:9
FNH:8
FNDA:4,onlyOwner
FNDA:3,constructor
FNDA:17,fundMe
FNDA:2,withdraw
FNDA:1,cheaperWithdraw
FNDA:0,getOwner
FNDA:3,getFunders
FNDA:11,getAddressToAmountFunded
FNDA:1,getPriceFeed
DA:29,4
DA:30,3
DA:34,3
DA:35,3
DA:53,17
DA:58,16
DA:59,16
DA:67,2
DA:72,7
DA:73,7
DA:75,2
DA:82,2
DA:85,2
DA:89,1
DA:90,1
DA:95,6
DA:96,6
DA:98,1
DA:99,1
DA:100,1
DA:104,0
DA:108,3
DA:116,11
DA:120,1
LF:24
LH:23
BRDA:29,1,0,1
BRDA:29,1,1,3
BRDA:53,2,0,16
BRDA:53,2,1,1
BRDA:85,3,0,2
BRDA:85,3,1,0
BRDA:100,4,0,1
BRDA:100,4,1,0
BRF:8
BRH:6
end_of_record
TN:
SF:D:\SolidityProjects\hardhat-fundMe-fcc\contracts\PriceConverter.sol
FN:10,getPrice
FN:26,getConversionRate
FNF:2
FNH:2
FNDA:17,getPrice
FNDA:17,getConversionRate
DA:20,17
DA:22,17
DA:30,17
DA:31,17
DA:33,17
LF:5
LH:5
BRF:0
BRH:0
end_of_record
TN:
SF:D:\SolidityProjects\hardhat-fundMe-fcc\contracts\test\MockV3Aggregator.sol
FNF:0
FNH:0
LF:0
LH:0
BRF:0
BRH:0
end_of_record
